<?xml version="1.0" encoding="UTF-8"?>
<!-- Generated by org.testng.reporters.JUnitXMLReporter -->
<testsuite ignored="0" hostname="LAPTOP-Q2CTVV7D" failures="0" tests="3" name="Default test" time="41.607" errors="0" timestamp="2026-01-30T12:37:17 IST">
  <testcase classname="seleniumproject.BrowserTest" name="chrome" time="8.357"/>
  <testcase classname="seleniumproject.BrowserTest" name="edge" time="20.937"/>
  <testcase classname="seleniumproject.BrowserTest" name="firefox" time="12.199"/>
</testsuite> <!-- Default test -->
