<?xml version="1.0" encoding="UTF-8"?>
<!-- Generated by org.testng.reporters.JUnitXMLReporter -->
<testsuite ignored="0" hostname="LAPTOP-Q2CTVV7D" failures="0" tests="3" name="Test" time="24.705" errors="0" timestamp="2026-01-30T12:56:39 GMT+05:30">
  <testcase classname="seleniumproject.BrowserTest" name="chrome" time="15.824"/>
  <testcase classname="seleniumproject.BrowserTest" name="firefox" time="21.869"/>
  <testcase classname="seleniumproject.BrowserTest" name="edge" time="24.646"/>
</testsuite> <!-- Test -->
