<?xml version="1.0" encoding="UTF-8"?>
<!-- Generated by org.testng.reporters.JUnitReportReporter -->
<testsuite hostname="LAPTOP-Q2CTVV7D" failures="0" tests="3" name="seleniumproject.SampleTest" time="0.017" errors="0" timestamp="2026-01-30T10:48:48 IST" skipped="0">
  <testcase classname="seleniumproject.SampleTest" name="sample2" time="0.013"/>
  <testcase classname="seleniumproject.SampleTest" name="sample3" time="0.002"/>
  <testcase classname="seleniumproject.SampleTest" name="sample1" time="0.002"/>
</testsuite> <!-- seleniumproject.SampleTest -->
