<?xml version="1.0" encoding="UTF-8"?>
<!-- Generated by org.testng.reporters.JUnitReportReporter -->
<testsuite hostname="LAPTOP-Q2CTVV7D" failures="0" tests="3" name="seleniumproject.BrowserTest" time="62.339" errors="0" timestamp="2026-01-30T12:56:40 GMT+05:30" skipped="0">
  <testcase classname="seleniumproject.BrowserTest" name="chrome" time="15.824"/>
  <testcase classname="seleniumproject.BrowserTest" name="edge" time="24.646"/>
  <testcase classname="seleniumproject.BrowserTest" name="firefox" time="21.869"/>
</testsuite> <!-- seleniumproject.BrowserTest -->
